Reading model file(s): cb.{xmpl,hrn,ini}
Read `cb'
Search settings:
   Search type               = cbfs
   Max candidates returned   = 5
   Max candidates searched   = 1000
   Max candidate classes     = 0
   Max rank                  = 100
   History length            = 2

   Max candidates tracked    = 5
   Progress style            = full
   Find Candidates style     = the tracker default fc
---------------
Issuing idle transition
Oldest timestep in theory: 0
Issuing idle transition
Oldest timestep in theory: 1
Issuing idle transition
Oldest timestep in theory: 2
-#cbAndLed.cb1.modeTransition = nominal
-#cbAndLed.cb10.modeTransition = nominal
-#cbAndLed.cb11.modeTransition = nominal
-#cbAndLed.cb12.modeTransition = nominal
-#cbAndLed.cb13.modeTransition = nominal
-#cbAndLed.cb14.modeTransition = nominal
-#cbAndLed.cb15.modeTransition = nominal
-#cbAndLed.cb2.modeTransition = nominal
-#cbAndLed.cb3.modeTransition = nominal
-#cbAndLed.cb4.modeTransition = nominal
-#cbAndLed.cb5.modeTransition = nominal
-#cbAndLed.cb6.modeTransition = nominal
-#cbAndLed.cb7.modeTransition = nominal
-#cbAndLed.cb8.modeTransition = nominal
-#cbAndLed.cb9.modeTransition = nominal
-#cbAndLed.led1.modeTransition = nominal
-#cbAndLed.led2.modeTransition = nominal
-#cbAndLed.led3.modeTransition = nominal
-#cbAndLed.led4.modeTransition = nominal
-#cbAndLed.led5.modeTransition = nominal
-#cbAndLed.led6.modeTransition = nominal
-#cbAndLed.led7.modeTransition = nominal
-#cbAndLed.led8.modeTransition = nominal
-#cbAndLed.source.modeTransition = nominal
2#cbAndLed.cb1.cmdIn = noCommand
2#cbAndLed.cb1.currentIn = off
2#cbAndLed.cb1.currentOut = off
2#cbAndLed.cb1.mode = off
2#cbAndLed.cb1.modeTransition = nominal
2#cbAndLed.cb10.cmdIn = noCommand
2#cbAndLed.cb10.currentIn = off
2#cbAndLed.cb10.currentOut = off
2#cbAndLed.cb10.mode = off
2#cbAndLed.cb10.modeTransition = nominal
2#cbAndLed.cb11.cmdIn = noCommand
2#cbAndLed.cb11.currentIn = off
2#cbAndLed.cb11.currentOut = off
2#cbAndLed.cb11.mode = off
2#cbAndLed.cb11.modeTransition = nominal
2#cbAndLed.cb12.cmdIn = noCommand
2#cbAndLed.cb12.currentIn = off
2#cbAndLed.cb12.currentOut = off
2#cbAndLed.cb12.mode = off
2#cbAndLed.cb12.modeTransition = nominal
2#cbAndLed.cb13.cmdIn = noCommand
2#cbAndLed.cb13.currentIn = off
2#cbAndLed.cb13.currentOut = off
2#cbAndLed.cb13.mode = off
2#cbAndLed.cb13.modeTransition = nominal
2#cbAndLed.cb14.cmdIn = noCommand
2#cbAndLed.cb14.currentIn = off
2#cbAndLed.cb14.currentOut = off
2#cbAndLed.cb14.mode = off
2#cbAndLed.cb14.modeTransition = nominal
2#cbAndLed.cb15.cmdIn = noCommand
2#cbAndLed.cb15.currentIn = on
2#cbAndLed.cb15.currentOut = off
2#cbAndLed.cb15.mode = off
2#cbAndLed.cb15.modeTransition = nominal
2#cbAndLed.cb2.cmdIn = noCommand
2#cbAndLed.cb2.currentIn = off
2#cbAndLed.cb2.currentOut = off
2#cbAndLed.cb2.mode = off
2#cbAndLed.cb2.modeTransition = nominal
2#cbAndLed.cb3.cmdIn = noCommand
2#cbAndLed.cb3.currentIn = off
2#cbAndLed.cb3.currentOut = off
2#cbAndLed.cb3.mode = off
2#cbAndLed.cb3.modeTransition = nominal
2#cbAndLed.cb4.cmdIn = noCommand
2#cbAndLed.cb4.currentIn = off
2#cbAndLed.cb4.currentOut = off
2#cbAndLed.cb4.mode = off
2#cbAndLed.cb4.modeTransition = nominal
2#cbAndLed.cb5.cmdIn = noCommand
2#cbAndLed.cb5.currentIn = off
2#cbAndLed.cb5.currentOut = off
2#cbAndLed.cb5.mode = off
2#cbAndLed.cb5.modeTransition = nominal
2#cbAndLed.cb6.cmdIn = noCommand
2#cbAndLed.cb6.currentIn = off
2#cbAndLed.cb6.currentOut = off
2#cbAndLed.cb6.mode = off
2#cbAndLed.cb6.modeTransition = nominal
2#cbAndLed.cb7.cmdIn = noCommand
2#cbAndLed.cb7.currentIn = off
2#cbAndLed.cb7.currentOut = off
2#cbAndLed.cb7.mode = off
2#cbAndLed.cb7.modeTransition = nominal
2#cbAndLed.cb8.cmdIn = noCommand
2#cbAndLed.cb8.currentIn = off
2#cbAndLed.cb8.currentOut = off
2#cbAndLed.cb8.mode = off
2#cbAndLed.cb8.modeTransition = nominal
2#cbAndLed.cb9.cmdIn = noCommand
2#cbAndLed.cb9.currentIn = off
2#cbAndLed.cb9.currentOut = off
2#cbAndLed.cb9.mode = off
2#cbAndLed.cb9.modeTransition = nominal
2#cbAndLed.led1.currentIn = off
2#cbAndLed.led1.ledState = off
2#cbAndLed.led1.mode = nominal
2#cbAndLed.led1.modeTransition = nominal
2#cbAndLed.led2.currentIn = off
2#cbAndLed.led2.ledState = off
2#cbAndLed.led2.mode = nominal
2#cbAndLed.led2.modeTransition = nominal
2#cbAndLed.led3.currentIn = off
2#cbAndLed.led3.ledState = off
2#cbAndLed.led3.mode = nominal
2#cbAndLed.led3.modeTransition = nominal
2#cbAndLed.led4.currentIn = off
2#cbAndLed.led4.ledState = off
2#cbAndLed.led4.mode = nominal
2#cbAndLed.led4.modeTransition = nominal
2#cbAndLed.led5.currentIn = off
2#cbAndLed.led5.ledState = off
2#cbAndLed.led5.mode = nominal
2#cbAndLed.led5.modeTransition = nominal
2#cbAndLed.led6.currentIn = off
2#cbAndLed.led6.ledState = off
2#cbAndLed.led6.mode = nominal
2#cbAndLed.led6.modeTransition = nominal
2#cbAndLed.led7.currentIn = off
2#cbAndLed.led7.ledState = off
2#cbAndLed.led7.mode = nominal
2#cbAndLed.led7.modeTransition = nominal
2#cbAndLed.led8.currentIn = off
2#cbAndLed.led8.ledState = off
2#cbAndLed.led8.mode = nominal
2#cbAndLed.led8.modeTransition = nominal
2#cbAndLed.source.currentOut = on
2#cbAndLed.source.mode = nominal
2#cbAndLed.source.modeTransition = nominal
2#state = s0
3#cbAndLed.cb1.cmdIn = noCommand
3#cbAndLed.cb1.currentIn = off
3#cbAndLed.cb1.currentOut = off
3#cbAndLed.cb1.mode = off
3#cbAndLed.cb1.modeTransition = nominal
3#cbAndLed.cb10.cmdIn = noCommand
3#cbAndLed.cb10.currentIn = off
3#cbAndLed.cb10.currentOut = off
3#cbAndLed.cb10.mode = off
3#cbAndLed.cb10.modeTransition = nominal
3#cbAndLed.cb11.cmdIn = noCommand
3#cbAndLed.cb11.currentIn = off
3#cbAndLed.cb11.currentOut = off
3#cbAndLed.cb11.mode = off
3#cbAndLed.cb11.modeTransition = nominal
3#cbAndLed.cb12.cmdIn = noCommand
3#cbAndLed.cb12.currentIn = off
3#cbAndLed.cb12.currentOut = off
3#cbAndLed.cb12.mode = off
3#cbAndLed.cb12.modeTransition = nominal
3#cbAndLed.cb13.cmdIn = noCommand
3#cbAndLed.cb13.currentIn = off
3#cbAndLed.cb13.currentOut = off
3#cbAndLed.cb13.mode = off
3#cbAndLed.cb13.modeTransition = nominal
3#cbAndLed.cb14.cmdIn = noCommand
3#cbAndLed.cb14.currentIn = off
3#cbAndLed.cb14.currentOut = off
3#cbAndLed.cb14.mode = off
3#cbAndLed.cb14.modeTransition = nominal
3#cbAndLed.cb15.cmdIn = noCommand
3#cbAndLed.cb15.currentIn = on
3#cbAndLed.cb15.currentOut = off
3#cbAndLed.cb15.mode = off
3#cbAndLed.cb15.modeTransition = nominal
3#cbAndLed.cb2.cmdIn = noCommand
3#cbAndLed.cb2.currentIn = off
3#cbAndLed.cb2.currentOut = off
3#cbAndLed.cb2.mode = off
3#cbAndLed.cb2.modeTransition = nominal
3#cbAndLed.cb3.cmdIn = noCommand
3#cbAndLed.cb3.currentIn = off
3#cbAndLed.cb3.currentOut = off
3#cbAndLed.cb3.mode = off
3#cbAndLed.cb3.modeTransition = nominal
3#cbAndLed.cb4.cmdIn = noCommand
3#cbAndLed.cb4.currentIn = off
3#cbAndLed.cb4.currentOut = off
3#cbAndLed.cb4.mode = off
3#cbAndLed.cb4.modeTransition = nominal
3#cbAndLed.cb5.cmdIn = noCommand
3#cbAndLed.cb5.currentIn = off
3#cbAndLed.cb5.currentOut = off
3#cbAndLed.cb5.mode = off
3#cbAndLed.cb5.modeTransition = nominal
3#cbAndLed.cb6.cmdIn = noCommand
3#cbAndLed.cb6.currentIn = off
3#cbAndLed.cb6.currentOut = off
3#cbAndLed.cb6.mode = off
3#cbAndLed.cb6.modeTransition = nominal
3#cbAndLed.cb7.cmdIn = noCommand
3#cbAndLed.cb7.currentIn = off
3#cbAndLed.cb7.currentOut = off
3#cbAndLed.cb7.mode = off
3#cbAndLed.cb7.modeTransition = nominal
3#cbAndLed.cb8.cmdIn = noCommand
3#cbAndLed.cb8.currentIn = off
3#cbAndLed.cb8.currentOut = off
3#cbAndLed.cb8.mode = off
3#cbAndLed.cb8.modeTransition = nominal
3#cbAndLed.cb9.cmdIn = noCommand
3#cbAndLed.cb9.currentIn = off
3#cbAndLed.cb9.currentOut = off
3#cbAndLed.cb9.mode = off
3#cbAndLed.cb9.modeTransition = nominal
3#cbAndLed.led1.currentIn = off
3#cbAndLed.led1.ledState = off
3#cbAndLed.led1.mode = nominal
3#cbAndLed.led1.modeTransition = nominal
3#cbAndLed.led2.currentIn = off
3#cbAndLed.led2.ledState = off
3#cbAndLed.led2.mode = nominal
3#cbAndLed.led2.modeTransition = nominal
3#cbAndLed.led3.currentIn = off
3#cbAndLed.led3.ledState = off
3#cbAndLed.led3.mode = nominal
3#cbAndLed.led3.modeTransition = nominal
3#cbAndLed.led4.currentIn = off
3#cbAndLed.led4.ledState = off
3#cbAndLed.led4.mode = nominal
3#cbAndLed.led4.modeTransition = nominal
3#cbAndLed.led5.currentIn = off
3#cbAndLed.led5.ledState = off
3#cbAndLed.led5.mode = nominal
3#cbAndLed.led5.modeTransition = nominal
3#cbAndLed.led6.currentIn = off
3#cbAndLed.led6.ledState = off
3#cbAndLed.led6.mode = nominal
3#cbAndLed.led6.modeTransition = nominal
3#cbAndLed.led7.currentIn = off
3#cbAndLed.led7.ledState = off
3#cbAndLed.led7.mode = nominal
3#cbAndLed.led7.modeTransition = nominal
3#cbAndLed.led8.currentIn = off
3#cbAndLed.led8.ledState = off
3#cbAndLed.led8.mode = nominal
3#cbAndLed.led8.modeTransition = nominal
3#cbAndLed.source.currentOut = on
3#cbAndLed.source.mode = nominal
3#cbAndLed.source.modeTransition = nominal
cbAndLed.cb1.cmdIn = noCommand
cbAndLed.cb1.currentIn = off
cbAndLed.cb1.currentOut = off
cbAndLed.cb1.mode = off
cbAndLed.cb10.cmdIn = noCommand
cbAndLed.cb10.currentIn = off
cbAndLed.cb10.currentOut = off
cbAndLed.cb10.mode = off
cbAndLed.cb11.cmdIn = noCommand
cbAndLed.cb11.currentIn = off
cbAndLed.cb11.currentOut = off
cbAndLed.cb11.mode = off
cbAndLed.cb12.cmdIn = noCommand
cbAndLed.cb12.currentIn = off
cbAndLed.cb12.currentOut = off
cbAndLed.cb12.mode = off
cbAndLed.cb13.cmdIn = noCommand
cbAndLed.cb13.currentIn = off
cbAndLed.cb13.currentOut = off
cbAndLed.cb13.mode = off
cbAndLed.cb14.cmdIn = noCommand
cbAndLed.cb14.currentIn = off
cbAndLed.cb14.currentOut = off
cbAndLed.cb14.mode = off
cbAndLed.cb15.cmdIn = noCommand
cbAndLed.cb15.currentIn = on
cbAndLed.cb15.currentOut = off
cbAndLed.cb15.mode = off
cbAndLed.cb2.cmdIn = noCommand
cbAndLed.cb2.currentIn = off
cbAndLed.cb2.currentOut = off
cbAndLed.cb2.mode = off
cbAndLed.cb3.cmdIn = noCommand
cbAndLed.cb3.currentIn = off
cbAndLed.cb3.currentOut = off
cbAndLed.cb3.mode = off
cbAndLed.cb4.cmdIn = noCommand
cbAndLed.cb4.currentIn = off
cbAndLed.cb4.currentOut = off
cbAndLed.cb4.mode = off
cbAndLed.cb5.cmdIn = noCommand
cbAndLed.cb5.currentIn = off
cbAndLed.cb5.currentOut = off
cbAndLed.cb5.mode = off
cbAndLed.cb6.cmdIn = noCommand
cbAndLed.cb6.currentIn = off
cbAndLed.cb6.currentOut = off
cbAndLed.cb6.mode = off
cbAndLed.cb7.cmdIn = noCommand
cbAndLed.cb7.currentIn = off
cbAndLed.cb7.currentOut = off
cbAndLed.cb7.mode = off
cbAndLed.cb8.cmdIn = noCommand
cbAndLed.cb8.currentIn = off
cbAndLed.cb8.currentOut = off
cbAndLed.cb8.mode = off
cbAndLed.cb9.cmdIn = noCommand
cbAndLed.cb9.currentIn = off
cbAndLed.cb9.currentOut = off
cbAndLed.cb9.mode = off
cbAndLed.led1.currentIn = off
cbAndLed.led1.ledState = off
cbAndLed.led1.mode = nominal
cbAndLed.led2.currentIn = off
cbAndLed.led2.ledState = off
cbAndLed.led2.mode = nominal
cbAndLed.led3.currentIn = off
cbAndLed.led3.ledState = off
cbAndLed.led3.mode = nominal
cbAndLed.led4.currentIn = off
cbAndLed.led4.ledState = off
cbAndLed.led4.mode = nominal
cbAndLed.led5.currentIn = off
cbAndLed.led5.ledState = off
cbAndLed.led5.mode = nominal
cbAndLed.led6.currentIn = off
cbAndLed.led6.ledState = off
cbAndLed.led6.mode = nominal
cbAndLed.led7.currentIn = off
cbAndLed.led7.ledState = off
cbAndLed.led7.mode = nominal
cbAndLed.led8.currentIn = off
cbAndLed.led8.ledState = off
cbAndLed.led8.mode = nominal
cbAndLed.source.currentOut = on
cbAndLed.source.mode = nominal
Oldest timestep in theory: 3
-#cbAndLed.cb1.modeTransition = nominal
-#cbAndLed.cb10.modeTransition = nominal
-#cbAndLed.cb11.modeTransition = nominal
-#cbAndLed.cb12.modeTransition = nominal
-#cbAndLed.cb13.modeTransition = nominal
-#cbAndLed.cb14.modeTransition = nominal
-#cbAndLed.cb15.modeTransition = nominal
-#cbAndLed.cb2.modeTransition = nominal
-#cbAndLed.cb3.modeTransition = nominal
-#cbAndLed.cb4.modeTransition = nominal
-#cbAndLed.cb5.modeTransition = nominal
-#cbAndLed.cb6.modeTransition = nominal
-#cbAndLed.cb7.modeTransition = nominal
-#cbAndLed.cb8.modeTransition = nominal
-#cbAndLed.cb9.modeTransition = nominal
-#cbAndLed.led1.modeTransition = nominal
-#cbAndLed.led2.modeTransition = nominal
-#cbAndLed.led3.modeTransition = nominal
-#cbAndLed.led4.modeTransition = nominal
-#cbAndLed.led5.modeTransition = nominal
-#cbAndLed.led6.modeTransition = nominal
-#cbAndLed.led7.modeTransition = nominal
-#cbAndLed.led8.modeTransition = nominal
-#cbAndLed.source.modeTransition = nominal
3#cbAndLed.cb1.cmdIn = noCommand
3#cbAndLed.cb1.currentIn = off
3#cbAndLed.cb1.currentOut = off
3#cbAndLed.cb1.mode = off
3#cbAndLed.cb1.modeTransition = nominal
3#cbAndLed.cb10.cmdIn = noCommand
3#cbAndLed.cb10.currentIn = off
3#cbAndLed.cb10.currentOut = off
3#cbAndLed.cb10.mode = off
3#cbAndLed.cb10.modeTransition = nominal
3#cbAndLed.cb11.cmdIn = noCommand
3#cbAndLed.cb11.currentIn = off
3#cbAndLed.cb11.currentOut = off
3#cbAndLed.cb11.mode = off
3#cbAndLed.cb11.modeTransition = nominal
3#cbAndLed.cb12.cmdIn = noCommand
3#cbAndLed.cb12.currentIn = off
3#cbAndLed.cb12.currentOut = off
3#cbAndLed.cb12.mode = off
3#cbAndLed.cb12.modeTransition = nominal
3#cbAndLed.cb13.cmdIn = noCommand
3#cbAndLed.cb13.currentIn = off
3#cbAndLed.cb13.currentOut = off
3#cbAndLed.cb13.mode = off
3#cbAndLed.cb13.modeTransition = nominal
3#cbAndLed.cb14.cmdIn = noCommand
3#cbAndLed.cb14.currentIn = off
3#cbAndLed.cb14.currentOut = off
3#cbAndLed.cb14.mode = off
3#cbAndLed.cb14.modeTransition = nominal
3#cbAndLed.cb15.cmdIn = noCommand
3#cbAndLed.cb15.currentIn = on
3#cbAndLed.cb15.currentOut = off
3#cbAndLed.cb15.mode = off
3#cbAndLed.cb15.modeTransition = nominal
3#cbAndLed.cb2.cmdIn = noCommand
3#cbAndLed.cb2.currentIn = off
3#cbAndLed.cb2.currentOut = off
3#cbAndLed.cb2.mode = off
3#cbAndLed.cb2.modeTransition = nominal
3#cbAndLed.cb3.cmdIn = noCommand
3#cbAndLed.cb3.currentIn = off
3#cbAndLed.cb3.currentOut = off
3#cbAndLed.cb3.mode = off
3#cbAndLed.cb3.modeTransition = nominal
3#cbAndLed.cb4.cmdIn = noCommand
3#cbAndLed.cb4.currentIn = off
3#cbAndLed.cb4.currentOut = off
3#cbAndLed.cb4.mode = off
3#cbAndLed.cb4.modeTransition = nominal
3#cbAndLed.cb5.cmdIn = noCommand
3#cbAndLed.cb5.currentIn = off
3#cbAndLed.cb5.currentOut = off
3#cbAndLed.cb5.mode = off
3#cbAndLed.cb5.modeTransition = nominal
3#cbAndLed.cb6.cmdIn = noCommand
3#cbAndLed.cb6.currentIn = off
3#cbAndLed.cb6.currentOut = off
3#cbAndLed.cb6.mode = off
3#cbAndLed.cb6.modeTransition = nominal
3#cbAndLed.cb7.cmdIn = noCommand
3#cbAndLed.cb7.currentIn = off
3#cbAndLed.cb7.currentOut = off
3#cbAndLed.cb7.mode = off
3#cbAndLed.cb7.modeTransition = nominal
3#cbAndLed.cb8.cmdIn = noCommand
3#cbAndLed.cb8.currentIn = off
3#cbAndLed.cb8.currentOut = off
3#cbAndLed.cb8.mode = off
3#cbAndLed.cb8.modeTransition = nominal
3#cbAndLed.cb9.cmdIn = noCommand
3#cbAndLed.cb9.currentIn = off
3#cbAndLed.cb9.currentOut = off
3#cbAndLed.cb9.mode = off
3#cbAndLed.cb9.modeTransition = nominal
3#cbAndLed.led1.currentIn = off
3#cbAndLed.led1.ledState = off
3#cbAndLed.led1.mode = nominal
3#cbAndLed.led1.modeTransition = nominal
3#cbAndLed.led2.currentIn = off
3#cbAndLed.led2.ledState = off
3#cbAndLed.led2.mode = nominal
3#cbAndLed.led2.modeTransition = nominal
3#cbAndLed.led3.currentIn = off
3#cbAndLed.led3.ledState = off
3#cbAndLed.led3.mode = nominal
3#cbAndLed.led3.modeTransition = nominal
3#cbAndLed.led4.currentIn = off
3#cbAndLed.led4.ledState = off
3#cbAndLed.led4.mode = nominal
3#cbAndLed.led4.modeTransition = nominal
3#cbAndLed.led5.currentIn = off
3#cbAndLed.led5.ledState = off
3#cbAndLed.led5.mode = nominal
3#cbAndLed.led5.modeTransition = nominal
3#cbAndLed.led6.currentIn = off
3#cbAndLed.led6.ledState = off
3#cbAndLed.led6.mode = nominal
3#cbAndLed.led6.modeTransition = nominal
3#cbAndLed.led7.currentIn = off
3#cbAndLed.led7.ledState = off
3#cbAndLed.led7.mode = nominal
3#cbAndLed.led7.modeTransition = nominal
3#cbAndLed.led8.currentIn = off
3#cbAndLed.led8.ledState = off
3#cbAndLed.led8.mode = nominal
3#cbAndLed.led8.modeTransition = nominal
3#cbAndLed.source.currentOut = on
3#cbAndLed.source.mode = nominal
3#cbAndLed.source.modeTransition = nominal
3#state = s0
cbAndLed.cb1.cmdIn = noCommand
cbAndLed.cb1.currentIn = off
cbAndLed.cb1.currentOut = off
cbAndLed.cb1.mode = off
cbAndLed.cb10.cmdIn = noCommand
cbAndLed.cb10.currentIn = off
cbAndLed.cb10.currentOut = off
cbAndLed.cb10.mode = off
cbAndLed.cb11.cmdIn = noCommand
cbAndLed.cb11.currentIn = off
cbAndLed.cb11.currentOut = off
cbAndLed.cb11.mode = off
cbAndLed.cb12.cmdIn = noCommand
cbAndLed.cb12.currentIn = off
cbAndLed.cb12.currentOut = off
cbAndLed.cb12.mode = off
cbAndLed.cb13.cmdIn = noCommand
cbAndLed.cb13.currentIn = off
cbAndLed.cb13.currentOut = off
cbAndLed.cb13.mode = off
cbAndLed.cb14.cmdIn = noCommand
cbAndLed.cb14.currentIn = off
cbAndLed.cb14.currentOut = off
cbAndLed.cb14.mode = off
cbAndLed.cb15.cmdIn = noCommand
cbAndLed.cb15.currentIn = on
cbAndLed.cb15.currentOut = off
cbAndLed.cb15.mode = off
cbAndLed.cb2.cmdIn = noCommand
cbAndLed.cb2.currentIn = off
cbAndLed.cb2.currentOut = off
cbAndLed.cb2.mode = off
cbAndLed.cb3.cmdIn = noCommand
cbAndLed.cb3.currentIn = off
cbAndLed.cb3.currentOut = off
cbAndLed.cb3.mode = off
cbAndLed.cb4.cmdIn = noCommand
cbAndLed.cb4.currentIn = off
cbAndLed.cb4.currentOut = off
cbAndLed.cb4.mode = off
cbAndLed.cb5.cmdIn = noCommand
cbAndLed.cb5.currentIn = off
cbAndLed.cb5.currentOut = off
cbAndLed.cb5.mode = off
cbAndLed.cb6.cmdIn = noCommand
cbAndLed.cb6.currentIn = off
cbAndLed.cb6.currentOut = off
cbAndLed.cb6.mode = off
cbAndLed.cb7.cmdIn = noCommand
cbAndLed.cb7.currentIn = off
cbAndLed.cb7.currentOut = off
cbAndLed.cb7.mode = off
cbAndLed.cb8.cmdIn = noCommand
cbAndLed.cb8.currentIn = off
cbAndLed.cb8.currentOut = off
cbAndLed.cb8.mode = off
cbAndLed.cb9.cmdIn = noCommand
cbAndLed.cb9.currentIn = off
cbAndLed.cb9.currentOut = off
cbAndLed.cb9.mode = off
cbAndLed.led1.currentIn = off
cbAndLed.led1.ledState = off
cbAndLed.led1.mode = nominal
cbAndLed.led2.currentIn = off
cbAndLed.led2.ledState = off
cbAndLed.led2.mode = nominal
cbAndLed.led3.currentIn = off
cbAndLed.led3.ledState = off
cbAndLed.led3.mode = nominal
cbAndLed.led4.currentIn = off
cbAndLed.led4.ledState = off
cbAndLed.led4.mode = nominal
cbAndLed.led5.currentIn = off
cbAndLed.led5.ledState = off
cbAndLed.led5.mode = nominal
cbAndLed.led6.currentIn = off
cbAndLed.led6.ledState = off
cbAndLed.led6.mode = nominal
cbAndLed.led7.currentIn = off
cbAndLed.led7.ledState = off
cbAndLed.led7.mode = nominal
cbAndLed.led8.currentIn = off
cbAndLed.led8.ledState = off
cbAndLed.led8.mode = nominal
cbAndLed.source.currentOut = on
cbAndLed.source.mode = nominal
Oldest timestep in theory: 3
-#cbAndLed.cb1.modeTransition = nominal
-#cbAndLed.cb10.modeTransition = nominal
-#cbAndLed.cb11.modeTransition = nominal
-#cbAndLed.cb12.modeTransition = nominal
-#cbAndLed.cb13.modeTransition = nominal
-#cbAndLed.cb14.modeTransition = nominal
-#cbAndLed.cb15.modeTransition = nominal
-#cbAndLed.cb2.modeTransition = nominal
-#cbAndLed.cb3.modeTransition = nominal
-#cbAndLed.cb4.modeTransition = nominal
-#cbAndLed.cb5.modeTransition = nominal
-#cbAndLed.cb6.modeTransition = nominal
-#cbAndLed.cb7.modeTransition = nominal
-#cbAndLed.cb8.modeTransition = nominal
-#cbAndLed.cb9.modeTransition = nominal
-#cbAndLed.led1.modeTransition = nominal
-#cbAndLed.led2.modeTransition = nominal
-#cbAndLed.led3.modeTransition = nominal
-#cbAndLed.led4.modeTransition = nominal
-#cbAndLed.led5.modeTransition = nominal
-#cbAndLed.led6.modeTransition = nominal
-#cbAndLed.led7.modeTransition = nominal
-#cbAndLed.led8.modeTransition = nominal
-#cbAndLed.source.modeTransition = nominal
3#cbAndLed.cb1.cmdIn = noCommand
3#cbAndLed.cb1.currentIn = off
3#cbAndLed.cb1.currentOut = off
3#cbAndLed.cb1.mode = off
3#cbAndLed.cb1.modeTransition = nominal
3#cbAndLed.cb10.cmdIn = noCommand
3#cbAndLed.cb10.currentIn = off
3#cbAndLed.cb10.currentOut = off
3#cbAndLed.cb10.mode = off
3#cbAndLed.cb10.modeTransition = nominal
3#cbAndLed.cb11.cmdIn = noCommand
3#cbAndLed.cb11.currentIn = off
3#cbAndLed.cb11.currentOut = off
3#cbAndLed.cb11.mode = off
3#cbAndLed.cb11.modeTransition = nominal
3#cbAndLed.cb12.cmdIn = noCommand
3#cbAndLed.cb12.currentIn = off
3#cbAndLed.cb12.currentOut = off
3#cbAndLed.cb12.mode = off
3#cbAndLed.cb12.modeTransition = nominal
3#cbAndLed.cb13.cmdIn = noCommand
3#cbAndLed.cb13.currentIn = off
3#cbAndLed.cb13.currentOut = off
3#cbAndLed.cb13.mode = off
3#cbAndLed.cb13.modeTransition = nominal
3#cbAndLed.cb14.cmdIn = noCommand
3#cbAndLed.cb14.currentIn = off
3#cbAndLed.cb14.currentOut = off
3#cbAndLed.cb14.mode = off
3#cbAndLed.cb14.modeTransition = nominal
3#cbAndLed.cb15.cmdIn = noCommand
3#cbAndLed.cb15.currentIn = on
3#cbAndLed.cb15.currentOut = off
3#cbAndLed.cb15.mode = off
3#cbAndLed.cb15.modeTransition = nominal
3#cbAndLed.cb2.cmdIn = noCommand
3#cbAndLed.cb2.currentIn = off
3#cbAndLed.cb2.currentOut = off
3#cbAndLed.cb2.mode = off
3#cbAndLed.cb2.modeTransition = nominal
3#cbAndLed.cb3.cmdIn = noCommand
3#cbAndLed.cb3.currentIn = off
3#cbAndLed.cb3.currentOut = off
3#cbAndLed.cb3.mode = off
3#cbAndLed.cb3.modeTransition = nominal
3#cbAndLed.cb4.cmdIn = noCommand
3#cbAndLed.cb4.currentIn = off
3#cbAndLed.cb4.currentOut = off
3#cbAndLed.cb4.mode = off
3#cbAndLed.cb4.modeTransition = nominal
3#cbAndLed.cb5.cmdIn = noCommand
3#cbAndLed.cb5.currentIn = off
3#cbAndLed.cb5.currentOut = off
3#cbAndLed.cb5.mode = off
3#cbAndLed.cb5.modeTransition = nominal
3#cbAndLed.cb6.cmdIn = noCommand
3#cbAndLed.cb6.currentIn = off
3#cbAndLed.cb6.currentOut = off
3#cbAndLed.cb6.mode = off
3#cbAndLed.cb6.modeTransition = nominal
3#cbAndLed.cb7.cmdIn = noCommand
3#cbAndLed.cb7.currentIn = off
3#cbAndLed.cb7.currentOut = off
3#cbAndLed.cb7.mode = off
3#cbAndLed.cb7.modeTransition = nominal
3#cbAndLed.cb8.cmdIn = noCommand
3#cbAndLed.cb8.currentIn = off
3#cbAndLed.cb8.currentOut = off
3#cbAndLed.cb8.mode = off
3#cbAndLed.cb8.modeTransition = nominal
3#cbAndLed.cb9.cmdIn = noCommand
3#cbAndLed.cb9.currentIn = off
3#cbAndLed.cb9.currentOut = off
3#cbAndLed.cb9.mode = off
3#cbAndLed.cb9.modeTransition = nominal
3#cbAndLed.led1.currentIn = off
3#cbAndLed.led1.ledState = off
3#cbAndLed.led1.mode = nominal
3#cbAndLed.led1.modeTransition = nominal
3#cbAndLed.led2.currentIn = off
3#cbAndLed.led2.ledState = off
3#cbAndLed.led2.mode = nominal
3#cbAndLed.led2.modeTransition = nominal
3#cbAndLed.led3.currentIn = off
3#cbAndLed.led3.ledState = off
3#cbAndLed.led3.mode = nominal
3#cbAndLed.led3.modeTransition = nominal
3#cbAndLed.led4.currentIn = off
3#cbAndLed.led4.ledState = off
3#cbAndLed.led4.mode = nominal
3#cbAndLed.led4.modeTransition = nominal
3#cbAndLed.led5.currentIn = off
3#cbAndLed.led5.ledState = off
3#cbAndLed.led5.mode = nominal
3#cbAndLed.led5.modeTransition = nominal
3#cbAndLed.led6.currentIn = off
3#cbAndLed.led6.ledState = off
3#cbAndLed.led6.mode = nominal
3#cbAndLed.led6.modeTransition = nominal
3#cbAndLed.led7.currentIn = off
3#cbAndLed.led7.ledState = off
3#cbAndLed.led7.mode = nominal
3#cbAndLed.led7.modeTransition = nominal
3#cbAndLed.led8.currentIn = off
3#cbAndLed.led8.ledState = off
3#cbAndLed.led8.mode = nominal
3#cbAndLed.led8.modeTransition = nominal
3#cbAndLed.source.currentOut = on
3#cbAndLed.source.mode = nominal
3#cbAndLed.source.modeTransition = nominal
3#state = s0
cbAndLed.cb1.cmdIn = noCommand
cbAndLed.cb1.currentIn = off
cbAndLed.cb1.currentOut = off
cbAndLed.cb1.mode = off
cbAndLed.cb10.cmdIn = noCommand
cbAndLed.cb10.currentIn = off
cbAndLed.cb10.currentOut = off
cbAndLed.cb10.mode = off
cbAndLed.cb11.cmdIn = noCommand
cbAndLed.cb11.currentIn = off
cbAndLed.cb11.currentOut = off
cbAndLed.cb11.mode = off
cbAndLed.cb12.cmdIn = noCommand
cbAndLed.cb12.currentIn = off
cbAndLed.cb12.currentOut = off
cbAndLed.cb12.mode = off
cbAndLed.cb13.cmdIn = noCommand
cbAndLed.cb13.currentIn = off
cbAndLed.cb13.currentOut = off
cbAndLed.cb13.mode = off
cbAndLed.cb14.cmdIn = noCommand
cbAndLed.cb14.currentIn = off
cbAndLed.cb14.currentOut = off
cbAndLed.cb14.mode = off
cbAndLed.cb15.cmdIn = noCommand
cbAndLed.cb15.currentIn = on
cbAndLed.cb15.currentOut = off
cbAndLed.cb15.mode = off
cbAndLed.cb2.cmdIn = noCommand
cbAndLed.cb2.currentIn = off
cbAndLed.cb2.currentOut = off
cbAndLed.cb2.mode = off
cbAndLed.cb3.cmdIn = noCommand
cbAndLed.cb3.currentIn = off
cbAndLed.cb3.currentOut = off
cbAndLed.cb3.mode = off
cbAndLed.cb4.cmdIn = noCommand
cbAndLed.cb4.currentIn = off
cbAndLed.cb4.currentOut = off
cbAndLed.cb4.mode = off
cbAndLed.cb5.cmdIn = noCommand
cbAndLed.cb5.currentIn = off
cbAndLed.cb5.currentOut = off
cbAndLed.cb5.mode = off
cbAndLed.cb6.cmdIn = noCommand
cbAndLed.cb6.currentIn = off
cbAndLed.cb6.currentOut = off
cbAndLed.cb6.mode = off
cbAndLed.cb7.cmdIn = noCommand
cbAndLed.cb7.currentIn = off
cbAndLed.cb7.currentOut = off
cbAndLed.cb7.mode = off
cbAndLed.cb8.cmdIn = noCommand
cbAndLed.cb8.currentIn = off
cbAndLed.cb8.currentOut = off
cbAndLed.cb8.mode = off
cbAndLed.cb9.cmdIn = noCommand
cbAndLed.cb9.currentIn = off
cbAndLed.cb9.currentOut = off
cbAndLed.cb9.mode = off
cbAndLed.led1.currentIn = off
cbAndLed.led1.ledState = off
cbAndLed.led1.mode = nominal
cbAndLed.led2.currentIn = off
cbAndLed.led2.ledState = off
cbAndLed.led2.mode = nominal
cbAndLed.led3.currentIn = off
cbAndLed.led3.ledState = off
cbAndLed.led3.mode = nominal
cbAndLed.led4.currentIn = off
cbAndLed.led4.ledState = off
cbAndLed.led4.mode = nominal
cbAndLed.led5.currentIn = off
cbAndLed.led5.ledState = off
cbAndLed.led5.mode = nominal
cbAndLed.led6.currentIn = off
cbAndLed.led6.ledState = off
cbAndLed.led6.mode = nominal
cbAndLed.led7.currentIn = off
cbAndLed.led7.ledState = off
cbAndLed.led7.mode = nominal
cbAndLed.led8.currentIn = off
cbAndLed.led8.ledState = off
cbAndLed.led8.mode = nominal
cbAndLed.source.currentOut = on
cbAndLed.source.mode = nominal
Oldest timestep in theory: 3
-#cbAndLed.cb1.modeTransition = nominal
-#cbAndLed.cb10.modeTransition = nominal
-#cbAndLed.cb11.modeTransition = nominal
-#cbAndLed.cb12.modeTransition = nominal
-#cbAndLed.cb13.modeTransition = nominal
-#cbAndLed.cb14.modeTransition = nominal
-#cbAndLed.cb15.modeTransition = nominal
-#cbAndLed.cb2.modeTransition = nominal
-#cbAndLed.cb3.modeTransition = nominal
-#cbAndLed.cb4.modeTransition = nominal
-#cbAndLed.cb5.modeTransition = nominal
-#cbAndLed.cb6.modeTransition = nominal
-#cbAndLed.cb7.modeTransition = nominal
-#cbAndLed.cb8.modeTransition = nominal
-#cbAndLed.cb9.modeTransition = nominal
-#cbAndLed.led1.modeTransition = nominal
-#cbAndLed.led2.modeTransition = nominal
-#cbAndLed.led3.modeTransition = nominal
-#cbAndLed.led4.modeTransition = nominal
-#cbAndLed.led5.modeTransition = nominal
-#cbAndLed.led6.modeTransition = nominal
-#cbAndLed.led7.modeTransition = nominal
-#cbAndLed.led8.modeTransition = nominal
-#cbAndLed.source.modeTransition = nominal
3#cbAndLed.cb1.cmdIn = noCommand
3#cbAndLed.cb1.currentIn = off
3#cbAndLed.cb1.currentOut = off
3#cbAndLed.cb1.mode = off
3#cbAndLed.cb1.modeTransition = nominal
3#cbAndLed.cb10.cmdIn = noCommand
3#cbAndLed.cb10.currentIn = off
3#cbAndLed.cb10.currentOut = off
3#cbAndLed.cb10.mode = off
3#cbAndLed.cb10.modeTransition = nominal
3#cbAndLed.cb11.cmdIn = noCommand
3#cbAndLed.cb11.currentIn = off
3#cbAndLed.cb11.currentOut = off
3#cbAndLed.cb11.mode = off
3#cbAndLed.cb11.modeTransition = nominal
3#cbAndLed.cb12.cmdIn = noCommand
3#cbAndLed.cb12.currentIn = off
3#cbAndLed.cb12.currentOut = off
3#cbAndLed.cb12.mode = off
3#cbAndLed.cb12.modeTransition = nominal
3#cbAndLed.cb13.cmdIn = noCommand
3#cbAndLed.cb13.currentIn = off
3#cbAndLed.cb13.currentOut = off
3#cbAndLed.cb13.mode = off
3#cbAndLed.cb13.modeTransition = nominal
3#cbAndLed.cb14.cmdIn = noCommand
3#cbAndLed.cb14.currentIn = off
3#cbAndLed.cb14.currentOut = off
3#cbAndLed.cb14.mode = off
3#cbAndLed.cb14.modeTransition = nominal
3#cbAndLed.cb15.cmdIn = noCommand
3#cbAndLed.cb15.currentIn = on
3#cbAndLed.cb15.currentOut = off
3#cbAndLed.cb15.mode = off
3#cbAndLed.cb15.modeTransition = nominal
3#cbAndLed.cb2.cmdIn = noCommand
3#cbAndLed.cb2.currentIn = off
3#cbAndLed.cb2.currentOut = off
3#cbAndLed.cb2.mode = off
3#cbAndLed.cb2.modeTransition = nominal
3#cbAndLed.cb3.cmdIn = noCommand
3#cbAndLed.cb3.currentIn = off
3#cbAndLed.cb3.currentOut = off
3#cbAndLed.cb3.mode = off
3#cbAndLed.cb3.modeTransition = nominal
3#cbAndLed.cb4.cmdIn = noCommand
3#cbAndLed.cb4.currentIn = off
3#cbAndLed.cb4.currentOut = off
3#cbAndLed.cb4.mode = off
3#cbAndLed.cb4.modeTransition = nominal
3#cbAndLed.cb5.cmdIn = noCommand
3#cbAndLed.cb5.currentIn = off
3#cbAndLed.cb5.currentOut = off
3#cbAndLed.cb5.mode = off
3#cbAndLed.cb5.modeTransition = nominal
3#cbAndLed.cb6.cmdIn = noCommand
3#cbAndLed.cb6.currentIn = off
3#cbAndLed.cb6.currentOut = off
3#cbAndLed.cb6.mode = off
3#cbAndLed.cb6.modeTransition = nominal
3#cbAndLed.cb7.cmdIn = noCommand
3#cbAndLed.cb7.currentIn = off
3#cbAndLed.cb7.currentOut = off
3#cbAndLed.cb7.mode = off
3#cbAndLed.cb7.modeTransition = nominal
3#cbAndLed.cb8.cmdIn = noCommand
3#cbAndLed.cb8.currentIn = off
3#cbAndLed.cb8.currentOut = off
3#cbAndLed.cb8.mode = off
3#cbAndLed.cb8.modeTransition = nominal
3#cbAndLed.cb9.cmdIn = noCommand
3#cbAndLed.cb9.currentIn = off
3#cbAndLed.cb9.currentOut = off
3#cbAndLed.cb9.mode = off
3#cbAndLed.cb9.modeTransition = nominal
3#cbAndLed.led1.currentIn = off
3#cbAndLed.led1.ledState = off
3#cbAndLed.led1.mode = nominal
3#cbAndLed.led1.modeTransition = nominal
3#cbAndLed.led2.currentIn = off
3#cbAndLed.led2.ledState = off
3#cbAndLed.led2.mode = nominal
3#cbAndLed.led2.modeTransition = nominal
3#cbAndLed.led3.currentIn = off
3#cbAndLed.led3.ledState = off
3#cbAndLed.led3.mode = nominal
3#cbAndLed.led3.modeTransition = nominal
3#cbAndLed.led4.currentIn = off
3#cbAndLed.led4.ledState = off
3#cbAndLed.led4.mode = nominal
3#cbAndLed.led4.modeTransition = nominal
3#cbAndLed.led5.currentIn = off
3#cbAndLed.led5.ledState = off
3#cbAndLed.led5.mode = nominal
3#cbAndLed.led5.modeTransition = nominal
3#cbAndLed.led6.currentIn = off
3#cbAndLed.led6.ledState = off
3#cbAndLed.led6.mode = nominal
3#cbAndLed.led6.modeTransition = nominal
3#cbAndLed.led7.currentIn = off
3#cbAndLed.led7.ledState = off
3#cbAndLed.led7.mode = nominal
3#cbAndLed.led7.modeTransition = nominal
3#cbAndLed.led8.currentIn = off
3#cbAndLed.led8.ledState = off
3#cbAndLed.led8.mode = nominal
3#cbAndLed.led8.modeTransition = nominal
3#cbAndLed.source.currentOut = on
3#cbAndLed.source.mode = nominal
3#cbAndLed.source.modeTransition = nominal
3#state = s0
cbAndLed.cb1.cmdIn = noCommand
cbAndLed.cb1.currentIn = off
cbAndLed.cb1.currentOut = off
cbAndLed.cb1.mode = off
cbAndLed.cb10.cmdIn = noCommand
cbAndLed.cb10.currentIn = off
cbAndLed.cb10.currentOut = off
cbAndLed.cb10.mode = off
cbAndLed.cb11.cmdIn = noCommand
cbAndLed.cb11.currentIn = off
cbAndLed.cb11.currentOut = off
cbAndLed.cb11.mode = off
cbAndLed.cb12.cmdIn = noCommand
cbAndLed.cb12.currentIn = off
cbAndLed.cb12.currentOut = off
cbAndLed.cb12.mode = off
cbAndLed.cb13.cmdIn = noCommand
cbAndLed.cb13.currentIn = off
cbAndLed.cb13.currentOut = off
cbAndLed.cb13.mode = off
cbAndLed.cb14.cmdIn = noCommand
cbAndLed.cb14.currentIn = off
cbAndLed.cb14.currentOut = off
cbAndLed.cb14.mode = off
cbAndLed.cb15.cmdIn = noCommand
cbAndLed.cb15.currentIn = on
cbAndLed.cb15.currentOut = off
cbAndLed.cb15.mode = off
cbAndLed.cb2.cmdIn = noCommand
cbAndLed.cb2.currentIn = off
cbAndLed.cb2.currentOut = off
cbAndLed.cb2.mode = off
cbAndLed.cb3.cmdIn = noCommand
cbAndLed.cb3.currentIn = off
cbAndLed.cb3.currentOut = off
cbAndLed.cb3.mode = off
cbAndLed.cb4.cmdIn = noCommand
cbAndLed.cb4.currentIn = off
cbAndLed.cb4.currentOut = off
cbAndLed.cb4.mode = off
cbAndLed.cb5.cmdIn = noCommand
cbAndLed.cb5.currentIn = off
cbAndLed.cb5.currentOut = off
cbAndLed.cb5.mode = off
cbAndLed.cb6.cmdIn = noCommand
cbAndLed.cb6.currentIn = off
cbAndLed.cb6.currentOut = off
cbAndLed.cb6.mode = off
cbAndLed.cb7.cmdIn = noCommand
cbAndLed.cb7.currentIn = off
cbAndLed.cb7.currentOut = off
cbAndLed.cb7.mode = off
cbAndLed.cb8.cmdIn = noCommand
cbAndLed.cb8.currentIn = off
cbAndLed.cb8.currentOut = off
cbAndLed.cb8.mode = off
cbAndLed.cb9.cmdIn = noCommand
cbAndLed.cb9.currentIn = off
cbAndLed.cb9.currentOut = off
cbAndLed.cb9.mode = off
cbAndLed.led1.currentIn = off
cbAndLed.led1.ledState = off
cbAndLed.led1.mode = nominal
cbAndLed.led2.currentIn = off
cbAndLed.led2.ledState = off
cbAndLed.led2.mode = nominal
cbAndLed.led3.currentIn = off
cbAndLed.led3.ledState = off
cbAndLed.led3.mode = nominal
cbAndLed.led4.currentIn = off
cbAndLed.led4.ledState = off
cbAndLed.led4.mode = nominal
cbAndLed.led5.currentIn = off
cbAndLed.led5.ledState = off
cbAndLed.led5.mode = nominal
cbAndLed.led6.currentIn = off
cbAndLed.led6.ledState = off
cbAndLed.led6.mode = nominal
cbAndLed.led7.currentIn = off
cbAndLed.led7.ledState = off
cbAndLed.led7.mode = nominal
cbAndLed.led8.currentIn = off
cbAndLed.led8.ledState = off
cbAndLed.led8.mode = nominal
cbAndLed.source.currentOut = on
cbAndLed.source.mode = nominal
