Reading model file(s): cb.{xmpl,hrn,ini}
Read `cb'
Search settings:
   Search type               = cover
   Max rank                  = 10
   History length            = 2

   Max candidates tracked    = 5
   Progress style            = full
   Find Candidates style     = the tracker default fc
---------------
Step 5; 331 variables; 0 conflicts before; 1 after.
Cover: search termination is unimplemented
The 12 candidates are:
   Candidate 0)
        -#cbAndLed.cb14.modeTransition=tripped :2

   Candidate 1)
        3#cbAndLed.cb14.modeTransition=tripped :2

   Candidate 2)
        -#cbAndLed.cb12.modeTransition=tripped :2

   Candidate 3)
        -#cbAndLed.cb15.modeTransition=tripped :2

   Candidate 4)
        4#cbAndLed.cb12.modeTransition=tripped :2

   Candidate 5)
        4#cbAndLed.cb15.modeTransition=tripped :2

   Candidate 6)
        -#cbAndLed.cb8.modeTransition=tripped :2

   Candidate 7)
        3#cbAndLed.cb12.modeTransition=tripped :2

   Candidate 8)
        3#cbAndLed.cb8.modeTransition=tripped :2

   Candidate 9)
        3#cbAndLed.cb15.modeTransition=tripped :2

   Candidate 10)
        4#cbAndLed.cb8.modeTransition=tripped :2

   Candidate 11)
        4#cbAndLed.cb14.modeTransition=tripped :2


Step 7; 331 variables; 5 conflicts before; 53 after.
Cover: search termination is unimplemented
The 6 candidates are:
   Candidate 0)
        -#cbAndLed.cb12.modeTransition=unknownCbFault :4

   Candidate 1)
        -#cbAndLed.cb12.modeTransition=unknownCbFault :4

   Candidate 2)
        -#cbAndLed.cb8.modeTransition=unknownCbFault :4

   Candidate 3)
        -#cbAndLed.cb8.modeTransition=unknownCbFault :4

   Candidate 4)
        -#cbAndLed.cb12.modeTransition=unknownCbFault :4

   Candidate 5)
        -#cbAndLed.cb8.modeTransition=unknownCbFault :4


