Reading model file(s): cb.{xmpl,hrn,ini}
Optimizing model ...
Read `cb'
Search settings:
   Search type               = cover
   Max rank                  = 10
   History length            = 2

   Max candidates tracked    = 5
   Progress style            = min
   Find Candidates style     = the tracker default fc
---------------
Step 16; 94 variables; 0 conflicts before; 0 after.
Cover: search termination is unimplemented
The 1 candidates are:
   Candidate 0)
        <the empty candidate>


Step 16; 94 variables; 0 conflicts before; 5 after.
Cover: search termination is unimplemented
The 2 candidates are:
   Candidate 0)
        -#cbAndLed.cb15.modeTransition=tripped :2

   Candidate 1)
        15#cbAndLed.cb15.modeTransition=tripped :2


Step 16; 94 variables; 5 conflicts before; 18 after.
Cover: search termination is unimplemented
The 1 candidates are:
   Candidate 0)
        -#cbAndLed.cb4.modeTransition=tripped :2
        -#cbAndLed.cb8.modeTransition=tripped :2
        -#cbAndLed.cb6.modeTransition=tripped :2
        -#cbAndLed.cb2.modeTransition=tripped :2


