Reading model file(s): x37V1p6.l2
Read `x37V1p6.l2'
Search settings:
   Search type               = cbfs
   Max candidates returned   = 5
   Max candidates searched   = 1000
   Max candidate classes     = 0
   Max rank                  = 100
   History length            = 1

   Max candidates tracked    = 5
   Progress style            = full
   Find Candidates style     = the tracker default fc
---------------
Step 4; 1113 variables; 0 conflicts before; 0 after.
CBFS: exhaustive search, returned fewer than 5 candidate(s) (searched 1)
The 1 candidates are:
   Candidate 0)
        <the empty candidate>


Step 4; 1113 variables; 0 conflicts before; 1 after.
CBFS: exhaustive search, returned fewer than 5 candidate(s) (searched 5)
The 4 candidates are:
   Candidate 0)
        3#test.speedBrake.rvdt.modeTransition=sensorError :3

   Candidate 1)
        -#test.speedBrake.rvdt.modeTransition=sensorError :3

   Candidate 2)
        -#test.speedBrake.rvdt.modeTransition=unknown :4

   Candidate 3)
        3#test.speedBrake.rvdt.modeTransition=unknown :4


